# JRE version: OpenJDK Runtime Environment GraalVM CE 22.3.0 (17.0.5+8) (build 17.0.5+8-jvmci-22.3-b08)
# Java VM: OpenJDK 64-Bit Server VM GraalVM CE 22.3.0 (17.0.5+8-jvmci-22.3-b08, mixed mode, sharing, tiered, jvmci, jvmci compiler, compressed oops, compressed class ptrs, parallel gc, linux-amd64)
GC Precious Log:
 CPUs: 8 total, 1 available
 Memory: 1024M
 Large Page Support: Disabled
 NUMA Support: Disabled
 Compressed Oops: Enabled (32-bit)
 Alignments: Space 512K, Generation 512K, Heap 2M
 Heap Min Capacity: 100M
 Heap Initial Capacity: 100M
 Heap Max Capacity: 512M
 Pre-touch: Disabled
 Parallel Workers: 1
Heap:
 PSYoungGen      total 77312K, used 46591K [0x00000000f5580000, 0x00000000fc100000, 0x0000000100000000)
  eden space 46592K, 99% used [0x00000000f5580000,0x00000000f82ffff0,0x00000000f8300000)
  from space 30720K, 0% used [0x00000000f8300000,0x00000000f8300000,0x00000000fa100000)
  to   space 30720K, 0% used [0x00000000fa100000,0x00000000fa100000,0x00000000fbf00000)
 ParOldGen       total 349696K, used 349695K [0x00000000e0000000, 0x00000000f5580000, 0x00000000f5580000)
  object space 349696K, 99% used [0x00000000e0000000,0x00000000f557ffd8,0x00000000f5580000)
 Metaspace       used 59271K, committed 60480K, reserved 1105920K
  class space    used 5906K, committed 6400K, reserved 1048576K
GC Heap History (20 events):
Event: 265.030 GC heap before
{Heap before GC invocations=183 (full 98):
 PSYoungGen      total 77312K, used 46591K [0x00000000f5580000, 0x00000000fc100000, 0x0000000100000000)
  eden space 46592K, 99% used [0x00000000f5580000,0x00000000f82ffff0,0x00000000f8300000)
  from space 30720K, 0% used [0x00000000f8300000,0x00000000f8300000,0x00000000fa100000)
  to   space 30720K, 0% used [0x00000000fa100000,0x00000000fa100000,0x00000000fbf00000)
 ParOldGen       total 349696K, used 349694K [0x00000000e0000000, 0x00000000f5580000, 0x00000000f5580000)
  object space 349696K, 99% used [0x00000000e0000000,0x00000000f557f840,0x00000000f5580000)
 Metaspace       used 59271K, committed 60480K, reserved 1105920K
  class space    used 5906K, committed 6400K, reserved 1048576K
}
Event: 267.541 GC heap after
{Heap after GC invocations=183 (full 98):
 PSYoungGen      total 77312K, used 46591K [0x00000000f5580000, 0x00000000fc100000, 0x0000000100000000)
  eden space 46592K, 99% used [0x00000000f5580000,0x00000000f82ffdf8,0x00000000f8300000)
  from space 30720K, 0% used [0x00000000fa100000,0x00000000fa100000,0x00000000fbf00000)
  to   space 30720K, 0% used [0x00000000f8300000,0x00000000f8300000,0x00000000fa100000)
 ParOldGen       total 349696K, used 349693K [0x00000000e0000000, 0x00000000f5580000, 0x00000000f5580000)
  object space 349696K, 99% used [0x00000000e0000000,0x00000000f557f7f8,0x00000000f5580000)
 Metaspace       used 59271K, committed 60480K, reserved 1105920K
  class space    used 5906K, committed 6400K, reserved 1048576K
}
Event: 267.541 GC heap before
{Heap before GC invocations=184 (full 99):
 PSYoungGen      total 77312K, used 46591K [0x00000000f5580000, 0x00000000fc100000, 0x0000000100000000)
  eden space 46592K, 99% used [0x00000000f5580000,0x00000000f82ffff0,0x00000000f8300000)
  from space 30720K, 0% used [0x00000000fa100000,0x00000000fa100000,0x00000000fbf00000)
  to   space 30720K, 0% used [0x00000000f8300000,0x00000000f8300000,0x00000000fa100000)
 ParOldGen       total 349696K, used 349693K [0x00000000e0000000, 0x00000000f5580000, 0x00000000f5580000)
  object space 349696K, 99% used [0x00000000e0000000,0x00000000f557f7f8,0x00000000f5580000)
 Metaspace       used 59271K, committed 60480K, reserved 1105920K
  class space    used 5906K, committed 6400K, reserved 1048576K
}
Event: 269.839 GC heap after
{Heap after GC invocations=184 (full 99):
 PSYoungGen      total 77312K, used 46591K [0x00000000f5580000, 0x00000000fc100000, 0x0000000100000000)
  eden space 46592K, 99% used [0x00000000f5580000,0x00000000f82fffd0,0x00000000f8300000)
  from space 30720K, 0% used [0x00000000f8300000,0x00000000f8300000,0x00000000fa100000)
  to   space 30720K, 0% used [0x00000000fa100000,0x00000000fa100000,0x00000000fbf00000)
 ParOldGen       total 349696K, used 349693K [0x00000000e0000000, 0x00000000f5580000, 0x00000000f5580000)
  object space 349696K, 99% used [0x00000000e0000000,0x00000000f557f7f8,0x00000000f5580000)
 Metaspace       used 59271K, committed 60480K, reserved 1105920K
  class space    used 5906K, committed 6400K, reserved 1048576K
}
Event: 269.839 GC heap before
{Heap before GC invocations=185 (full 100):
 PSYoungGen      total 77312K, used 46592K [0x00000000f5580000, 0x00000000fc100000, 0x0000000100000000)
  eden space 46592K, 100% used [0x00000000f5580000,0x00000000f8300000,0x00000000f8300000)
  from space 30720K, 0% used [0x00000000f8300000,0x00000000f8300000,0x00000000fa100000)
  to   space 30720K, 0% used [0x00000000fa100000,0x00000000fa100000,0x00000000fbf00000)
 ParOldGen       total 349696K, used 349693K [0x00000000e0000000, 0x00000000f5580000, 0x00000000f5580000)
  object space 349696K, 99% used [0x00000000e0000000,0x00000000f557f7f8,0x00000000f5580000)
 Metaspace       used 59271K, committed 60480K, reserved 1105920K
  class space    used 5906K, committed 6400K, reserved 1048576K
}
Event: 272.311 GC heap after
{Heap after GC invocations=185 (full 100):
 PSYoungGen      total 77312K, used 46592K [0x00000000f5580000, 0x00000000fc100000, 0x0000000100000000)
  eden space 46592K, 100% used [0x00000000f5580000,0x00000000f8300000,0x00000000f8300000)
  from space 30720K, 0% used [0x00000000fa100000,0x00000000fa100000,0x00000000fbf00000)
  to   space 30720K, 0% used [0x00000000f8300000,0x00000000f8300000,0x00000000fa100000)
 ParOldGen       total 349696K, used 349693K [0x00000000e0000000, 0x00000000f5580000, 0x00000000f5580000)
  object space 349696K, 99% used [0x00000000e0000000,0x00000000f557f7f8,0x00000000f5580000)
 Metaspace       used 59271K, committed 60480K, reserved 1105920K
  class space    used 5906K, committed 6400K, reserved 1048576K
}
Event: 272.314 GC heap before
{Heap before GC invocations=186 (full 101):
 PSYoungGen      total 77312K, used 46592K [0x00000000f5580000, 0x00000000fc100000, 0x0000000100000000)
  eden space 46592K, 100% used [0x00000000f5580000,0x00000000f8300000,0x00000000f8300000)
  from space 30720K, 0% used [0x00000000fa100000,0x00000000fa100000,0x00000000fbf00000)
  to   space 30720K, 0% used [0x00000000f8300000,0x00000000f8300000,0x00000000fa100000)
 ParOldGen       total 349696K, used 349694K [0x00000000e0000000, 0x00000000f5580000, 0x00000000f5580000)
  object space 349696K, 99% used [0x00000000e0000000,0x00000000f557fb98,0x00000000f5580000)
 Metaspace       used 59271K, committed 60480K, reserved 1105920K
  class space    used 5906K, committed 6400K, reserved 1048576K
}
Event: 274.745 GC heap after
{Heap after GC invocations=186 (full 101):
 PSYoungGen      total 77312K, used 46591K [0x00000000f5580000, 0x00000000fc100000, 0x0000000100000000)
  eden space 46592K, 99% used [0x00000000f5580000,0x00000000f82fff68,0x00000000f8300000)
  from space 30720K, 0% used [0x00000000f8300000,0x00000000f8300000,0x00000000fa100000)
  to   space 30720K, 0% used [0x00000000fa100000,0x00000000fa100000,0x00000000fbf00000)
 ParOldGen       total 349696K, used 349694K [0x00000000e0000000, 0x00000000f5580000, 0x00000000f5580000)
  object space 349696K, 99% used [0x00000000e0000000,0x00000000f557fb98,0x00000000f5580000)
 Metaspace       used 59271K, committed 60480K, reserved 1105920K
  class space    used 5906K, committed 6400K, reserved 1048576K
}
Event: 274.745 GC heap before
{Heap before GC invocations=187 (full 102):
 PSYoungGen      total 77312K, used 46591K [0x00000000f5580000, 0x00000000fc100000, 0x0000000100000000)
  eden space 46592K, 99% used [0x00000000f5580000,0x00000000f82fff68,0x00000000f8300000)
  from space 30720K, 0% used [0x00000000f8300000,0x00000000f8300000,0x00000000fa100000)
  to   space 30720K, 0% used [0x00000000fa100000,0x00000000fa100000,0x00000000fbf00000)
 ParOldGen       total 349696K, used 349694K [0x00000000e0000000, 0x00000000f5580000, 0x00000000f5580000)
  object space 349696K, 99% used [0x00000000e0000000,0x00000000f557fb98,0x00000000f5580000)
 Metaspace       used 59271K, committed 60480K, reserved 1105920K
  class space    used 5906K, committed 6400K, reserved 1048576K
}
Event: 277.037 GC heap after
{Heap after GC invocations=187 (full 102):
 PSYoungGen      total 77312K, used 46591K [0x00000000f5580000, 0x00000000fc100000, 0x0000000100000000)
  eden space 46592K, 99% used [0x00000000f5580000,0x00000000f82fff68,0x00000000f8300000)
  from space 30720K, 0% used [0x00000000fa100000,0x00000000fa100000,0x00000000fbf00000)
  to   space 30720K, 0% used [0x00000000f8300000,0x00000000f8300000,0x00000000fa100000)
 ParOldGen       total 349696K, used 349694K [0x00000000e0000000, 0x00000000f5580000, 0x00000000f5580000)
  object space 349696K, 99% used [0x00000000e0000000,0x00000000f557fb98,0x00000000f5580000)
 Metaspace       used 59271K, committed 60480K, reserved 1105920K
  class space    used 5906K, committed 6400K, reserved 1048576K
}
Event: 277.037 GC heap before
{Heap before GC invocations=188 (full 103):
 PSYoungGen      total 77312K, used 46591K [0x00000000f5580000, 0x00000000fc100000, 0x0000000100000000)
  eden space 46592K, 99% used [0x00000000f5580000,0x00000000f82ffff8,0x00000000f8300000)
  from space 30720K, 0% used [0x00000000fa100000,0x00000000fa100000,0x00000000fbf00000)
  to   space 30720K, 0% used [0x00000000f8300000,0x00000000f8300000,0x00000000fa100000)
 ParOldGen       total 349696K, used 349694K [0x00000000e0000000, 0x00000000f5580000, 0x00000000f5580000)
  object space 349696K, 99% used [0x00000000e0000000,0x00000000f557fb98,0x00000000f5580000)
 Metaspace       used 59271K, committed 60480K, reserved 1105920K
  class space    used 5906K, committed 6400K, reserved 1048576K
}
Event: 279.621 GC heap after
{Heap after GC invocations=188 (full 103):
 PSYoungGen      total 77312K, used 46591K [0x00000000f5580000, 0x00000000fc100000, 0x0000000100000000)
  eden space 46592K, 99% used [0x00000000f5580000,0x00000000f82fffa8,0x00000000f8300000)
  from space 30720K, 0% used [0x00000000f8300000,0x00000000f8300000,0x00000000fa100000)
  to   space 30720K, 0% used [0x00000000fa100000,0x00000000fa100000,0x00000000fbf00000)
 ParOldGen       total 349696K, used 349693K [0x00000000e0000000, 0x00000000f5580000, 0x00000000f5580000)
  object space 349696K, 99% used [0x00000000e0000000,0x00000000f557f5f8,0x00000000f5580000)
 Metaspace       used 59271K, committed 60480K, reserved 1105920K
  class space    used 5906K, committed 6400K, reserved 1048576K
}
Event: 279.622 GC heap before
{Heap before GC invocations=189 (full 104):
 PSYoungGen      total 77312K, used 46592K [0x00000000f5580000, 0x00000000fc100000, 0x0000000100000000)
  eden space 46592K, 100% used [0x00000000f5580000,0x00000000f8300000,0x00000000f8300000)
  from space 30720K, 0% used [0x00000000f8300000,0x00000000f8300000,0x00000000fa100000)
  to   space 30720K, 0% used [0x00000000fa100000,0x00000000fa100000,0x00000000fbf00000)
 ParOldGen       total 349696K, used 349695K [0x00000000e0000000, 0x00000000f5580000, 0x00000000f5580000)
  object space 349696K, 99% used [0x00000000e0000000,0x00000000f557fff8,0x00000000f5580000)
 Metaspace       used 59271K, committed 60480K, reserved 1105920K
  class space    used 5906K, committed 6400K, reserved 1048576K
}
Event: 282.141 GC heap after
{Heap after GC invocations=189 (full 104):
 PSYoungGen      total 77312K, used 46591K [0x00000000f5580000, 0x00000000fc100000, 0x0000000100000000)
  eden space 46592K, 99% used [0x00000000f5580000,0x00000000f82ffc50,0x00000000f8300000)
  from space 30720K, 0% used [0x00000000fa100000,0x00000000fa100000,0x00000000fbf00000)
  to   space 30720K, 0% used [0x00000000f8300000,0x00000000f8300000,0x00000000fa100000)
 ParOldGen       total 349696K, used 349695K [0x00000000e0000000, 0x00000000f5580000, 0x00000000f5580000)
  object space 349696K, 99% used [0x00000000e0000000,0x00000000f557fff8,0x00000000f5580000)
 Metaspace       used 59271K, committed 60480K, reserved 1105920K
  class space    used 5906K, committed 6400K, reserved 1048576K
}
Event: 282.142 GC heap before
{Heap before GC invocations=190 (full 105):
 PSYoungGen      total 77312K, used 46591K [0x00000000f5580000, 0x00000000fc100000, 0x0000000100000000)
  eden space 46592K, 99% used [0x00000000f5580000,0x00000000f82ffff8,0x00000000f8300000)
  from space 30720K, 0% used [0x00000000fa100000,0x00000000fa100000,0x00000000fbf00000)
  to   space 30720K, 0% used [0x00000000f8300000,0x00000000f8300000,0x00000000fa100000)
 ParOldGen       total 349696K, used 349695K [0x00000000e0000000, 0x00000000f5580000, 0x00000000f5580000)
  object space 349696K, 99% used [0x00000000e0000000,0x00000000f557fff8,0x00000000f5580000)
 Metaspace       used 59271K, committed 60480K, reserved 1105920K
  class space    used 5906K, committed 6400K, reserved 1048576K
}
Event: 284.655 GC heap after
{Heap after GC invocations=190 (full 105):
 PSYoungGen      total 77312K, used 46591K [0x00000000f5580000, 0x00000000fc100000, 0x0000000100000000)
  eden space 46592K, 99% used [0x00000000f5580000,0x00000000f82ffdc0,0x00000000f8300000)
  from space 30720K, 0% used [0x00000000f8300000,0x00000000f8300000,0x00000000fa100000)
  to   space 30720K, 0% used [0x00000000fa100000,0x00000000fa100000,0x00000000fbf00000)
 ParOldGen       total 349696K, used 349695K [0x00000000e0000000, 0x00000000f5580000, 0x00000000f5580000)
  object space 349696K, 99% used [0x00000000e0000000,0x00000000f557ffc8,0x00000000f5580000)
 Metaspace       used 59271K, committed 60480K, reserved 1105920K
  class space    used 5906K, committed 6400K, reserved 1048576K
}
Event: 284.656 GC heap before
{Heap before GC invocations=191 (full 106):
 PSYoungGen      total 77312K, used 46591K [0x00000000f5580000, 0x00000000fc100000, 0x0000000100000000)
  eden space 46592K, 99% used [0x00000000f5580000,0x00000000f82ffef8,0x00000000f8300000)
  from space 30720K, 0% used [0x00000000f8300000,0x00000000f8300000,0x00000000fa100000)
  to   space 30720K, 0% used [0x00000000fa100000,0x00000000fa100000,0x00000000fbf00000)
 ParOldGen       total 349696K, used 349695K [0x00000000e0000000, 0x00000000f5580000, 0x00000000f5580000)
  object space 349696K, 99% used [0x00000000e0000000,0x00000000f557ffc8,0x00000000f5580000)
 Metaspace       used 59271K, committed 60480K, reserved 1105920K
  class space    used 5906K, committed 6400K, reserved 1048576K
}
Event: 287.229 GC heap after
{Heap after GC invocations=191 (full 106):
 PSYoungGen      total 77312K, used 46591K [0x00000000f5580000, 0x00000000fc100000, 0x0000000100000000)
  eden space 46592K, 99% used [0x00000000f5580000,0x00000000f82ffdf8,0x00000000f8300000)
  from space 30720K, 0% used [0x00000000fa100000,0x00000000fa100000,0x00000000fbf00000)
  to   space 30720K, 0% used [0x00000000f8300000,0x00000000f8300000,0x00000000fa100000)
 ParOldGen       total 349696K, used 349695K [0x00000000e0000000, 0x00000000f5580000, 0x00000000f5580000)
  object space 349696K, 99% used [0x00000000e0000000,0x00000000f557ffa8,0x00000000f5580000)
 Metaspace       used 59271K, committed 60480K, reserved 1105920K
  class space    used 5906K, committed 6400K, reserved 1048576K
}
Event: 287.229 GC heap before
{Heap before GC invocations=192 (full 107):
 PSYoungGen      total 77312K, used 46591K [0x00000000f5580000, 0x00000000fc100000, 0x0000000100000000)
  eden space 46592K, 99% used [0x00000000f5580000,0x00000000f82ffdf8,0x00000000f8300000)
  from space 30720K, 0% used [0x00000000fa100000,0x00000000fa100000,0x00000000fbf00000)
  to   space 30720K, 0% used [0x00000000f8300000,0x00000000f8300000,0x00000000fa100000)
 ParOldGen       total 349696K, used 349695K [0x00000000e0000000, 0x00000000f5580000, 0x00000000f5580000)
  object space 349696K, 99% used [0x00000000e0000000,0x00000000f557ffa8,0x00000000f5580000)
 Metaspace       used 59271K, committed 60480K, reserved 1105920K
  class space    used 5906K, committed 6400K, reserved 1048576K
}
Event: 289.782 GC heap after
{Heap after GC invocations=192 (full 107):
 PSYoungGen      total 77312K, used 46591K [0x00000000f5580000, 0x00000000fc100000, 0x0000000100000000)
  eden space 46592K, 99% used [0x00000000f5580000,0x00000000f82ffdf8,0x00000000f8300000)
  from space 30720K, 0% used [0x00000000f8300000,0x00000000f8300000,0x00000000fa100000)
  to   space 30720K, 0% used [0x00000000fa100000,0x00000000fa100000,0x00000000fbf00000)
 ParOldGen       total 349696K, used 349695K [0x00000000e0000000, 0x00000000f5580000, 0x00000000f5580000)
  object space 349696K, 99% used [0x00000000e0000000,0x00000000f557ffa8,0x00000000f5580000)
 Metaspace       used 59271K, committed 60480K, reserved 1105920K
  class space    used 5906K, committed 6400K, reserved 1048576K
}

